<?xml version="1.0" encoding="UTF-8"?>
<!-- Generated by org.testng.reporters.JUnitReportReporter -->
<testsuite hostname="LAPTOP-JHDRCF6E" failures="0" tests="1" name="firstjava.testNg" time="7.534" errors="0" timestamp="2021-03-25T22:22:52 IST" skipped="0">
  <testcase classname="firstjava.testNg" name="function" time="7.534"/>
  <system-out/>
</testsuite> <!-- firstjava.testNg -->
